<?xml version="1.0" encoding="UTF-8"?>
<!-- Generated by org.testng.reporters.JUnitXMLReporter -->
<testsuite hostname="Lenovo-G50" name="SmokeScenario" tests="2" failures="0" timestamp="5 Sep 2017 22:02:08 GMT" time="18.089" errors="0">
  <testcase name="@BeforeMethod setUp" time="0.0" classname="testcases.VerifyHomePage3">
    <failure type="org.openqa.selenium.WebDriverException" message="java.nio.file.FileSystemException: C:\Users\Vasudeva\AppData\Local\Temp\new-session4742077966359852758.json: The process cannot access the file because it is being used by another process.

Build info: version: &amp;apos;3.5.3&amp;apos;, revision: &amp;apos;a88d25fe6b&amp;apos;, time: &amp;apos;2017-08-29T12:42:44.417Z&amp;apos;
System info: host: &amp;apos;LENOVO-G50&amp;apos;, ip: &amp;apos;10.0.0.98&amp;apos;, os.name: &amp;apos;Windows 10&amp;apos;, os.arch: &amp;apos;amd64&amp;apos;, os.version: &amp;apos;10.0&amp;apos;, java.version: &amp;apos;1.8.0_101&amp;apos;
Driver info: driver.version: ChromeDriver">
      <![CDATA[org.openqa.selenium.WebDriverException: java.nio.file.FileSystemException: C:\Users\Vasudeva\AppData\Local\Temp\new-session4742077966359852758.json: The process cannot access the file because it is being used by another process.

Build info: version: '3.5.3', revision: 'a88d25fe6b', time: '2017-08-29T12:42:44.417Z'
System info: host: 'LENOVO-G50', ip: '10.0.0.98', os.name: 'Windows 10', os.arch: 'amd64', os.version: '10.0', java.version: '1.8.0_101'
Driver info: driver.version: ChromeDriver
	at org.openqa.selenium.remote.service.DriverCommandExecutor.execute(DriverCommandExecutor.java:91)
	at org.openqa.selenium.remote.RemoteWebDriver.execute(RemoteWebDriver.java:646)
	at org.openqa.selenium.remote.RemoteWebDriver.startSession(RemoteWebDriver.java:255)
	at org.openqa.selenium.remote.RemoteWebDriver.startSession(RemoteWebDriver.java:237)
	at org.openqa.selenium.remote.RemoteWebDriver.<init>(RemoteWebDriver.java:138)
	at org.openqa.selenium.chrome.ChromeDriver.<init>(ChromeDriver.java:178)
	at org.openqa.selenium.chrome.ChromeDriver.<init>(ChromeDriver.java:167)
	at org.openqa.selenium.chrome.ChromeDriver.<init>(ChromeDriver.java:124)
	at factory.BrowserFactory.getBrowser(BrowserFactory.java:25)
	at testcases.VerifyHomePage3.setUp(VerifyHomePage3.java:24)
Caused by: java.nio.file.FileSystemException: C:\Users\Vasudeva\AppData\Local\Temp\new-session4742077966359852758.json: The process cannot access the file because it is being used by another process.

	at sun.nio.fs.WindowsException.translateToIOException(WindowsException.java:86)
	at sun.nio.fs.WindowsException.rethrowAsIOException(WindowsException.java:97)
	at sun.nio.fs.WindowsException.rethrowAsIOException(WindowsException.java:102)
	at sun.nio.fs.WindowsFileSystemProvider.implDelete(WindowsFileSystemProvider.java:269)
	at sun.nio.fs.AbstractFileSystemProvider.deleteIfExists(AbstractFileSystemProvider.java:108)
	at java.nio.file.Files.deleteIfExists(Files.java:1165)
	at org.openqa.selenium.remote.ProtocolHandshake.createSession(ProtocolHandshake.java:145)
	at org.openqa.selenium.remote.HttpCommandExecutor.execute(HttpCommandExecutor.java:142)
	at org.openqa.selenium.remote.service.DriverCommandExecutor.execute(DriverCommandExecutor.java:82)
	... 35 more
... Removed 26 stack frames]]>
    </failure>
  </testcase> <!-- @BeforeMethod setUp -->
  <testcase name="@AfterMethod tearDown" time="0.0" classname="testcases.VerifyHomePage3">
    <skipped/>
  </testcase> <!-- @AfterMethod tearDown -->
  <testcase name="testHomePage" time="0.0" classname="testcases.VerifyHomePage3">
    <skipped/>
  </testcase> <!-- testHomePage -->
  <testcase name="testHomePage" time="3.466" classname="testcases.VerifyLoginPage3"/>
</testsuite> <!-- SmokeScenario -->
